<?xml version="1.0" encoding="UTF-8"?>
<!-- Generated by org.testng.reporters.JUnitReportReporter -->
<testsuite skipped="0" hostname="DESKTOP-QOUD2T5" name="com.testtravel.testpolicy" tests="1" failures="0" timestamp="25 Aug 2020 10:09:56 GMT" time="30.838" errors="0">
  <testcase name="testing" time="30.838" classname="com.testtravel.testpolicy"/>
</testsuite> <!-- com.testtravel.testpolicy -->
